app/manifest-merger-release-report.txt
-- Merging decision tree log ---
manifest
ADDED from AndroidManifest.xml:2:1
	xmlns:tools
		ADDED from AndroidManifest.xml:3:5
	xmlns:android
		ADDED from AndroidManifest.xml:2:11
	package
		ADDED from AndroidManifest.xml:4:5
		INJECTED from AndroidManifest.xml:0:0
		INJECTED from AndroidManifest.xml:0:0
	android:versionName
		INJECTED from AndroidManifest.xml:0:0
		INJECTED from AndroidManifest.xml:0:0
	android:versionCode
		INJECTED from AndroidManifest.xml:0:0
		INJECTED from AndroidManifest.xml:0:0
uses-permission#android.permission.VIBRATE
ADDED from AndroidManifest.xml:7:5
	android:name
		ADDED from AndroidManifest.xml:7:22
uses-permission#android.permission.INTERNET
ADDED from AndroidManifest.xml:10:5
	android:name
		ADDED from AndroidManifest.xml:10:22
uses-permission#android.permission.WRITE_EXTERNAL_STORAGE
ADDED from AndroidManifest.xml:13:5
	android:name
		ADDED from AndroidManifest.xml:13:22
uses-permission#android.permission.WAKE_LOCK
ADDED from AndroidManifest.xml:15:5
	android:name
		ADDED from AndroidManifest.xml:15:22
application
ADDED from AndroidManifest.xml:17:5
MERGED from com.android.support:appcompat-v7:21.0.0:16:5
MERGED from com.android.support:support-v4:21.0.3:16:5
MERGED from com.android.support:cardview-v7:21.0.0:16:5
MERGED from com.google.android.gms:play-services:6.1.71:16:5
MERGED from com.android.support:support-v4:21.0.3:16:5
MERGED from Timekeeping:volley_cz:unspecified:9:5
MERGED from Timekeeping:ChoppingBootstrap:unspecified:11:5
MERGED from com.android.support:appcompat-v7:21.0.0:16:5
MERGED from com.android.support:support-v4:21.0.3:16:5
MERGED from Timekeeping:volley_cz:unspecified:9:5
MERGED from Timekeeping:MaterialDesignLibrary:unspecified:11:5
MERGED from com.android.support:support-v4:21.0.3:16:5
MERGED from com.android.support:appcompat-v7:21.0.0:16:5
MERGED from com.android.support:support-v4:21.0.3:16:5
	android:label
		ADDED from AndroidManifest.xml:20:9
		REJECTED from Timekeeping:ChoppingBootstrap:unspecified:14:9
		REJECTED from Timekeeping:MaterialDesignLibrary:unspecified:13:9
	android:allowBackup
		ADDED from AndroidManifest.xml:18:9
	android:icon
		ADDED from AndroidManifest.xml:19:9
	android:theme
		ADDED from AndroidManifest.xml:21:9
	tools:replace
		ADDED from AndroidManifest.xml:22:9
	android:name
		ADDED from AndroidManifest.xml:23:9
meta-data#com.google.android.gms.version
ADDED from AndroidManifest.xml:26:9
	android:name
		ADDED from AndroidManifest.xml:27:13
	android:value
		ADDED from AndroidManifest.xml:28:13
activity#com.timekeeping.app.activities.MainActivity
ADDED from AndroidManifest.xml:31:9
	android:screenOrientation
		ADDED from AndroidManifest.xml:33:13
	android:label
		ADDED from AndroidManifest.xml:34:13
	android:name
		ADDED from AndroidManifest.xml:32:13
intent-filter#android.intent.action.MAIN+android.intent.category.LAUNCHER
ADDED from AndroidManifest.xml:35:13
action#android.intent.action.MAIN
ADDED from AndroidManifest.xml:36:17
	android:name
		ADDED from AndroidManifest.xml:36:25
category#android.intent.category.LAUNCHER
ADDED from AndroidManifest.xml:37:17
	android:name
		ADDED from AndroidManifest.xml:37:27
receiver#com.chopping.application.InstalledAppReceiver
ADDED from AndroidManifest.xml:42:9
	android:exported
		ADDED from AndroidManifest.xml:44:13
	android:enabled
		ADDED from AndroidManifest.xml:45:13
	android:name
		ADDED from AndroidManifest.xml:43:13
intent-filter#android.intent.action.PACKAGE_ADDED+android.intent.action.PACKAGE_REMOVED
ADDED from AndroidManifest.xml:46:13
action#android.intent.action.PACKAGE_ADDED
ADDED from AndroidManifest.xml:47:17
	android:name
		ADDED from AndroidManifest.xml:47:25
action#android.intent.action.PACKAGE_REMOVED
ADDED from AndroidManifest.xml:48:17
	android:name
		ADDED from AndroidManifest.xml:48:25
data
ADDED from AndroidManifest.xml:50:17
	android:scheme
		ADDED from AndroidManifest.xml:50:23
activity#com.google.android.gms.ads.AdActivity
ADDED from AndroidManifest.xml:56:9
	android:configChanges
		ADDED from AndroidManifest.xml:58:13
	android:theme
		ADDED from AndroidManifest.xml:59:13
	android:name
		ADDED from AndroidManifest.xml:57:13
service#com.timekeeping.app.services.TimekeepingService
ADDED from AndroidManifest.xml:62:9
	android:exported
		ADDED from AndroidManifest.xml:65:13
	android:enabled
		ADDED from AndroidManifest.xml:64:13
	android:name
		ADDED from AndroidManifest.xml:63:13
meta-data#com.crashlytics.ApiKey
ADDED from AndroidManifest.xml:66:9
	android:name
		ADDED from AndroidManifest.xml:66:20
	android:value
		ADDED from AndroidManifest.xml:66:58
uses-sdk
INJECTED from AndroidManifest.xml:0:0 reason: use-sdk injection requested
MERGED from com.android.support:appcompat-v7:21.0.0:15:5
MERGED from com.android.support:support-v4:21.0.3:15:5
MERGED from com.android.support:cardview-v7:21.0.0:15:5
MERGED from com.google.android.gms:play-services:6.1.71:15:5
MERGED from com.android.support:support-v4:21.0.3:15:5
MERGED from Timekeeping:volley_cz:unspecified:7:5
MERGED from Timekeeping:ChoppingBootstrap:unspecified:7:5
MERGED from com.android.support:appcompat-v7:21.0.0:15:5
MERGED from com.android.support:support-v4:21.0.3:15:5
MERGED from Timekeeping:volley_cz:unspecified:7:5
MERGED from Timekeeping:MaterialDesignLibrary:unspecified:7:5
MERGED from com.android.support:support-v4:21.0.3:15:5
MERGED from Timekeeping:android-betterpickers:unspecified:7:5
MERGED from com.android.support:appcompat-v7:21.0.0:15:5
MERGED from com.android.support:support-v4:21.0.3:15:5
	android:targetSdkVersion
		INJECTED from AndroidManifest.xml:0:0
		INJECTED from AndroidManifest.xml:0:0
	android:minSdkVersion
		INJECTED from AndroidManifest.xml:0:0
		INJECTED from AndroidManifest.xml:0:0
activity#com.chopping.activities.ErrorHandlerActivity
ADDED from Timekeeping:ChoppingBootstrap:unspecified:15:9
	android:label
		ADDED from Timekeeping:ChoppingBootstrap:unspecified:17:13
	android:theme
		ADDED from Timekeeping:ChoppingBootstrap:unspecified:18:13
	android:name
		ADDED from Timekeeping:ChoppingBootstrap:unspecified:16:13
activity#com.chopping.activities.BrightnessRefreshActivity
ADDED from Timekeeping:ChoppingBootstrap:unspecified:19:9
	android:noHistory
		ADDED from Timekeeping:ChoppingBootstrap:unspecified:23:13
	android:label
		ADDED from Timekeeping:ChoppingBootstrap:unspecified:22:13
	android:theme
		ADDED from Timekeeping:ChoppingBootstrap:unspecified:25:13
	android:excludeFromRecents
		ADDED from Timekeeping:ChoppingBootstrap:unspecified:21:13
	android:taskAffinity
		ADDED from Timekeeping:ChoppingBootstrap:unspecified:24:13
	android:name
		ADDED from Timekeeping:ChoppingBootstrap:unspecified:20:13
intent-filter#android.intent.category.DEFAULT+com.chopping.brightness.action.REFRESH
ADDED from Timekeeping:ChoppingBootstrap:unspecified:26:13
category#android.intent.category.DEFAULT
ADDED from Timekeeping:ChoppingBootstrap:unspecified:27:17
	android:name
		ADDED from Timekeeping:ChoppingBootstrap:unspecified:27:27
action#com.chopping.brightness.action.REFRESH
ADDED from Timekeeping:ChoppingBootstrap:unspecified:29:17
	android:name
		ADDED from Timekeeping:ChoppingBootstrap:unspecified:29:25